<?xml version="1.0" encoding="UTF-8"?>
<testsuite name="org.scoula.security.PasswordEncoderTest" tests="1" skipped="0" failures="0" errors="0" timestamp="2024-08-18T09:08:39" hostname="ALICIAWILL" time="0.275">
  <properties/>
  <testcase name="testEncode()" classname="org.scoula.security.PasswordEncoderTest" time="0.275"/>
  <system-out><![CDATA[INFO : org.springframework.test.context.support.DefaultTestContextBootstrapper - Loaded default TestExecutionListener class names from location [META-INF/spring.factories]: [org.springframework.test.context.web.ServletTestExecutionListener, org.springframework.test.context.support.DirtiesContextBeforeModesTestExecutionListener, org.springframework.test.context.event.ApplicationEventsTestExecutionListener, org.springframework.test.context.support.DependencyInjectionTestExecutionListener, org.springframework.test.context.support.DirtiesContextTestExecutionListener, org.springframework.test.context.transaction.TransactionalTestExecutionListener, org.springframework.test.context.jdbc.SqlScriptsTestExecutionListener, org.springframework.test.context.event.EventPublishingTestExecutionListener]
INFO : org.springframework.test.context.support.DefaultTestContextBootstrapper - Using TestExecutionListeners: [org.springframework.test.context.web.ServletTestExecutionListener@7516e4e5, org.springframework.test.context.support.DirtiesContextBeforeModesTestExecutionListener@488eb7f2, org.springframework.test.context.event.ApplicationEventsTestExecutionListener@5e81e5ac, org.springframework.test.context.support.DependencyInjectionTestExecutionListener@4189d70b, org.springframework.test.context.support.DirtiesContextTestExecutionListener@3fa2213, org.springframework.test.context.transaction.TransactionalTestExecutionListener@3e7634b9, org.springframework.test.context.jdbc.SqlScriptsTestExecutionListener@6f0b0a5e, org.springframework.test.context.event.EventPublishingTestExecutionListener@6035b93b]
INFO : com.zaxxer.hikari.HikariDataSource - HikariPool-1 - Starting...
INFO : com.zaxxer.hikari.pool.PoolBase - HikariPool-1 - Driver does not support get/set network timeout for connections. (Receiver class net.sf.log4jdbc.sql.jdbcapi.ConnectionSpy does not define or inherit an implementation of the resolved method 'abstract int getNetworkTimeout()' of interface java.sql.Connection.)
INFO : com.zaxxer.hikari.HikariDataSource - HikariPool-1 - Start completed.
WARN : org.springframework.security.config.annotation.web.builders.WebSecurity - You are asking Spring Security to ignore Ant [pattern='/assets/**']. This is not recommended -- please use permitAll via HttpSecurity#authorizeHttpRequests instead.
INFO : org.springframework.security.web.DefaultSecurityFilterChain - Will not secure Ant [pattern='/assets/**']
WARN : org.springframework.security.config.annotation.web.builders.WebSecurity - You are asking Spring Security to ignore Ant [pattern='/*']. This is not recommended -- please use permitAll via HttpSecurity#authorizeHttpRequests instead.
INFO : org.springframework.security.web.DefaultSecurityFilterChain - Will not secure Ant [pattern='/*']
WARN : org.springframework.security.config.annotation.web.builders.WebSecurity - You are asking Spring Security to ignore Ant [pattern='/api/member/**']. This is not recommended -- please use permitAll via HttpSecurity#authorizeHttpRequests instead.
INFO : org.springframework.security.web.DefaultSecurityFilterChain - Will not secure Ant [pattern='/api/member/**']
INFO : org.springframework.security.web.DefaultSecurityFilterChain - Will secure any request with [org.springframework.security.web.session.DisableEncodeUrlFilter@109f8c7e, org.springframework.security.web.context.request.async.WebAsyncManagerIntegrationFilter@5edacf20, org.springframework.security.web.context.SecurityContextPersistenceFilter@795f8317, org.springframework.security.web.header.HeaderWriterFilter@66236a0a, org.springframework.web.filter.CharacterEncodingFilter@16a5eb6d, org.springframework.security.web.authentication.logout.LogoutFilter@62b790a5, org.scoula.security.filter.AuthenticationErrorFilter@7e307087, org.scoula.security.filter.JwtAuthenticationFilter@1220ef43, org.scoula.security.filter.JwtUsernamePasswordAuthenticationFilter@1a8b81e8, org.springframework.security.web.savedrequest.RequestCacheAwareFilter@355c94be, org.springframework.security.web.servletapi.SecurityContextHolderAwareRequestFilter@1dd74143, org.springframework.security.web.authentication.AnonymousAuthenticationFilter@234cff57, org.springframework.security.web.session.SessionManagementFilter@77c10a5f, org.springframework.security.web.access.ExceptionTranslationFilter@3bec5821, org.springframework.security.web.access.intercept.FilterSecurityInterceptor@47e51549]
INFO : org.scoula.security.PasswordEncoderTest - password: $2a$10$Te.2LkLtPISSIM2q3HZsze6K4tMHjI72LjGWrygyhXlgZV2Dp1hmu
INFO : org.scoula.security.PasswordEncoderTest - password: $2a$10$n/IK8ZsZSw9tfIxkvYDJwO/UpMNNLVXKjG5Uyw49no5TjpYnyBHDW
INFO : org.scoula.security.PasswordEncoderTest - match :true
INFO : org.scoula.security.PasswordEncoderTest - match :true
]]></system-out>
  <system-err><![CDATA[]]></system-err>
</testsuite>
